<?xml version="1.0" encoding="UTF-8"?>
<!-- Generated by org.testng.reporters.JUnitXMLReporter -->
<testsuite hostname="Js-MacBook-Air.local" name="Validating title in the Page" tests="1" failures="1" timestamp="16 Feb 2019 12:39:26 GMT" time="6.047" errors="0">
  <testcase name="basePageNavigation" time="0.041" classname="Academy.ValidateTitle">
    <failure type="java.lang.AssertionError" message="expected [FEATURED COURSE] but found [FEATURED COURSES]">
      <![CDATA[java.lang.AssertionError: expected [FEATURED COURSE] but found [FEATURED COURSES]
	at Academy.ValidateTitle.basePageNavigation(ValidateTitle.java:32)
... Removed 29 stack frames]]>
    </failure>
  </testcase> <!-- basePageNavigation -->
</testsuite> <!-- Validating title in the Page -->
