<?xml version="1.0" encoding="UTF-8"?>
<testng-results skipped="0" failed="0" total="2" passed="2">
  <reporter-output>
  </reporter-output>
  <suite name="Suite" duration-ms="28326" started-at="2019-02-19T12:12:08Z" finished-at="2019-02-19T12:12:36Z">
    <groups>
    </groups>
    <test name="Validating User Login" duration-ms="18019" started-at="2019-02-19T12:12:08Z" finished-at="2019-02-19T12:12:26Z">
      <class name="Academy.HomePage">
        <test-method status="PASS" signature="initialize()[pri:0, instance:Academy.HomePage@795cd85e]" name="initialize" is-config="true" duration-ms="2568" started-at="2019-02-19T17:42:08Z" finished-at="2019-02-19T17:42:10Z">
          <reporter-output>
          </reporter-output>
        </test-method> <!-- initialize -->
        <test-method status="PASS" signature="navigation()[pri:0, instance:Academy.HomePage@795cd85e]" name="navigation" duration-ms="15205" started-at="2019-02-19T17:42:10Z" finished-at="2019-02-19T17:42:25Z">
          <reporter-output>
          </reporter-output>
        </test-method> <!-- navigation -->
        <test-method status="PASS" signature="teardown()[pri:0, instance:Academy.HomePage@795cd85e]" name="teardown" is-config="true" duration-ms="234" started-at="2019-02-19T17:42:25Z" finished-at="2019-02-19T17:42:26Z">
          <reporter-output>
          </reporter-output>
        </test-method> <!-- teardown -->
      </class> <!-- Academy.HomePage -->
    </test> <!-- Validating User Login -->
    <test name="Validating title in the Page" duration-ms="5289" started-at="2019-02-19T12:12:31Z" finished-at="2019-02-19T12:12:36Z">
      <class name="Academy.ValidateTitle">
        <test-method status="PASS" signature="initialize()[pri:0, instance:Academy.ValidateTitle@a514af7]" name="initialize" is-config="true" duration-ms="5088" started-at="2019-02-19T17:42:31Z" finished-at="2019-02-19T17:42:36Z">
          <reporter-output>
          </reporter-output>
        </test-method> <!-- initialize -->
        <test-method status="PASS" signature="pageNavigation()[pri:0, instance:Academy.ValidateTitle@a514af7]" name="pageNavigation" duration-ms="68" started-at="2019-02-19T17:42:36Z" finished-at="2019-02-19T17:42:36Z">
          <reporter-output>
          </reporter-output>
        </test-method> <!-- pageNavigation -->
        <test-method status="PASS" signature="teardown()[pri:0, instance:Academy.ValidateTitle@a514af7]" name="teardown" is-config="true" duration-ms="133" started-at="2019-02-19T17:42:36Z" finished-at="2019-02-19T17:42:36Z">
          <reporter-output>
          </reporter-output>
        </test-method> <!-- teardown -->
      </class> <!-- Academy.ValidateTitle -->
    </test> <!-- Validating title in the Page -->
  </suite> <!-- Suite -->
</testng-results>
