<?xml version="1.0" encoding="UTF-8"?>
<testng-results skipped="0" failed="0" total="1" passed="1">
  <reporter-output>
  </reporter-output>
  <suite name="Default suite" duration-ms="16790" started-at="2019-02-19T12:11:15Z" finished-at="2019-02-19T12:11:32Z">
    <groups>
    </groups>
    <test name="Default test" duration-ms="16790" started-at="2019-02-19T12:11:15Z" finished-at="2019-02-19T12:11:32Z">
      <class name="Academy.ValidateTitle">
        <test-method status="PASS" signature="initialize()[pri:0, instance:Academy.ValidateTitle@f6efaab]" name="initialize" is-config="true" duration-ms="16501" started-at="2019-02-19T17:41:15Z" finished-at="2019-02-19T17:41:32Z">
          <reporter-output>
          </reporter-output>
        </test-method> <!-- initialize -->
        <test-method status="PASS" signature="pageNavigation()[pri:0, instance:Academy.ValidateTitle@f6efaab]" name="pageNavigation" duration-ms="109" started-at="2019-02-19T17:41:32Z" finished-at="2019-02-19T17:41:32Z">
          <reporter-output>
          </reporter-output>
        </test-method> <!-- pageNavigation -->
        <test-method status="PASS" signature="teardown()[pri:0, instance:Academy.ValidateTitle@f6efaab]" name="teardown" is-config="true" duration-ms="161" started-at="2019-02-19T17:41:32Z" finished-at="2019-02-19T17:41:32Z">
          <reporter-output>
          </reporter-output>
        </test-method> <!-- teardown -->
      </class> <!-- Academy.ValidateTitle -->
    </test> <!-- Default test -->
  </suite> <!-- Default suite -->
</testng-results>
